ProcessID=1Parent_ProcessID=0Average_Running_Time=1.03090240922162576687
ProcessID=2Parent_ProcessID=0Average_Running_Time=.03690103571428571428
Average_Running_Children_of_ParentID=1 is 1.06780344493591148115
Process_ID=1109Parent_Process_ID=1Average_Running_Time=.20645977091587042647
ProcessID=1110Parent_ProcessID=1Average_Running_Time=.26706222352941176470
ProcessID=1111Parent_ProcessID=1Average_Running_Time=.55655344736842105263
ProcessID=1402Parent_ProcessID=1Average_Running_Time=.47477700840336134453
ProcessID=645Parent_ProcessID=1Average_Running_Time=1.39179148215366001209
ProcessID=673Parent_ProcessID=1Average_Running_Time=.57507083516483516483
ProcessID=789Parent_ProcessID=1Average_Running_Time=.07339407039666993143
ProcessID=792Parent_ProcessID=1Average_Running_Time=.08746427998100213725
ProcessID=820Parent_ProcessID=1Average_Running_Time=.18217618674698795180
ProcessID=823Parent_ProcessID=1Average_Running_Time=.13916777777777777777
ProcessID=824Parent_ProcessID=1Average_Running_Time=.23739451313755795981
ProcessID=826Parent_ProcessID=1Average_Running_Time=.48839181003584229390
ProcessID=829Parent_ProcessID=1Average_Running_Time=.09188447459433850527
ProcessID=832Parent_ProcessID=1Average_Running_Time=.62151635112847222222
ProcessID=833Parent_ProcessID=1Average_Running_Time=.42145024000000000000
ProcessID=834Parent_ProcessID=1Average_Running_Time=.09117009900868173142
ProcessID=836Parent_ProcessID=1Average_Running_Time=.28423530555555555555
ProcessID=842Parent_ProcessID=1Average_Running_Time=.02855622802879364669
ProcessID=859Parent_ProcessID=1Average_Running_Time=.72842406129343629343
ProcessID=861Parent_ProcessID=1Average_Running_Time=.57857430650459921156
ProcessID=875Parent_ProcessID=1Average_Running_Time=.43033281004657351962
ProcessID=885Parent_ProcessID=1Average_Running_Time=.27853522077922077922
ProcessID=888Parent_ProcessID=1Average_Running_Time=.63422202339181286549
ProcessID=97411Parent_ProcessID=1Average_Running_Time=1.10411785000000000000
Average_Running_Children_of_ParentID=2 is 9.97272237594288214768
Process_ID=10Parent_Process_ID=2Average_Running_Time=.01333852513967831400
ProcessID=11Parent_ProcessID=2Average_Running_Time=.02842533333333333333
ProcessID=12Parent_ProcessID=2Average_Running_Time=.05244417541283798274
ProcessID=13Parent_ProcessID=2Average_Running_Time=.00576335714285714285
ProcessID=140Parent_ProcessID=2Average_Running_Time=.00149250000000000000
ProcessID=141Parent_ProcessID=2Average_Running_Time=.00051150000000000000
ProcessID=141893Parent_ProcessID=2Average_Running_Time=.37002418612169495439
ProcessID=141909Parent_ProcessID=2Average_Running_Time=.13692326622624804195
ProcessID=142Parent_ProcessID=2Average_Running_Time=0
ProcessID=143Parent_ProcessID=2Average_Running_Time=0
ProcessID=144Parent_ProcessID=2Average_Running_Time=0
ProcessID=146Parent_ProcessID=2Average_Running_Time=0
ProcessID=15Parent_ProcessID=2Average_Running_Time=.01325251449275362318
ProcessID=16Parent_ProcessID=2Average_Running_Time=.00210300000000000000
ProcessID=17Parent_ProcessID=2Average_Running_Time=.04025008433734939759
ProcessID=18Parent_ProcessID=2Average_Running_Time=.06891282006048387096
ProcessID=19Parent_ProcessID=2Average_Running_Time=.00092200000000000000
ProcessID=20Parent_ProcessID=2Average_Running_Time=.00192500000000000000
ProcessID=21Parent_ProcessID=2Average_Running_Time=.00135700000000000000
ProcessID=22Parent_ProcessID=2Average_Running_Time=.00186200000000000000
ProcessID=23Parent_ProcessID=2Average_Running_Time=.11168959138743896278
ProcessID=24Parent_ProcessID=2Average_Running_Time=.00133800000000000000
ProcessID=25Parent_ProcessID=2Average_Running_Time=.00125850000000000000
ProcessID=26Parent_ProcessID=2Average_Running_Time=.00431500000000000000
ProcessID=27Parent_ProcessID=2Average_Running_Time=.00267450000000000000
ProcessID=28Parent_ProcessID=2Average_Running_Time=.00060100000000000000
ProcessID=29Parent_ProcessID=2Average_Running_Time=.00261150000000000000
ProcessID=30Parent_ProcessID=2Average_Running_Time=.00216350000000000000
ProcessID=3Parent_ProcessID=2Average_Running_Time=0
ProcessID=4Parent_ProcessID=2Average_Running_Time=0
ProcessID=439Parent_ProcessID=2Average_Running_Time=.00455550000000000000
ProcessID=440Parent_ProcessID=2Average_Running_Time=3.36975650000000000000
ProcessID=441Parent_ProcessID=2Average_Running_Time=.00250600000000000000
ProcessID=442Parent_ProcessID=2Average_Running_Time=3.25316475000000000000
ProcessID=443Parent_ProcessID=2Average_Running_Time=.00291500000000000000
ProcessID=444Parent_ProcessID=2Average_Running_Time=.06648638655505875012
ProcessID=447Parent_ProcessID=2Average_Running_Time=.18074404000000000000
ProcessID=448Parent_ProcessID=2Average_Running_Time=.00304000000000000000
ProcessID=453Parent_ProcessID=2Average_Running_Time=.08039631717186058067
ProcessID=47Parent_ProcessID=2Average_Running_Time=0
ProcessID=509Parent_ProcessID=2Average_Running_Time=.02577000000000000000
ProcessID=518Parent_ProcessID=2Average_Running_Time=.00631000000000000000
ProcessID=554Parent_ProcessID=2Average_Running_Time=.12586542184356880842
ProcessID=555Parent_ProcessID=2Average_Running_Time=.00554450000000000000
ProcessID=6Parent_ProcessID=2Average_Running_Time=.00778942857142857142
ProcessID=720Parent_ProcessID=2Average_Running_Time=.04355716327708965637
ProcessID=721Parent_ProcessID=2Average_Running_Time=.00285000000000000000
ProcessID=728Parent_ProcessID=2Average_Running_Time=.00341850000000000000
ProcessID=747Parent_ProcessID=2Average_Running_Time=.04280557142857142857
ProcessID=748Parent_ProcessID=2Average_Running_Time=.00549550000000000000
ProcessID=756Parent_ProcessID=2Average_Running_Time=.00432100000000000000
ProcessID=760Parent_ProcessID=2Average_Running_Time=.00432700000000000000
ProcessID=761Parent_ProcessID=2Average_Running_Time=.00233450000000000000
ProcessID=763Parent_ProcessID=2Average_Running_Time=.00315000000000000000
ProcessID=764Parent_ProcessID=2Average_Running_Time=.00137000000000000000
ProcessID=765Parent_ProcessID=2Average_Running_Time=.00129000000000000000
ProcessID=766Parent_ProcessID=2Average_Running_Time=.00130350000000000000
ProcessID=767Parent_ProcessID=2Average_Running_Time=.00157350000000000000
ProcessID=768Parent_ProcessID=2Average_Running_Time=.07247466666666666666
ProcessID=806Parent_ProcessID=2Average_Running_Time=.00237400000000000000
ProcessID=807Parent_ProcessID=2Average_Running_Time=.00284750000000000000
ProcessID=808Parent_ProcessID=2Average_Running_Time=.00149650000000000000
ProcessID=8Parent_ProcessID=2Average_Running_Time=.02437575000000000000
ProcessID=9Parent_ProcessID=2Average_Running_Time=.03283824861803598525
ProcessID=97412Parent_ProcessID=2Average_Running_Time=.08953375506445672191
Average_Running_Children_of_ParentID=820 is 8.34473935285141279316
Process_ID=844Parent_Process_ID=820Average_Running_Time=.07316800000000000000
Average_Running_Children_of_ParentID=829 is .07316800000000000000
Process_ID=855Parent_Process_ID=829Average_Running_Time=.09580540701316247364
ProcessID=856Parent_ProcessID=829Average_Running_Time=.10976571699513643377
Average_Running_Children_of_ParentID=1111 is .20557112400829890741
Process_ID=1413Parent_Process_ID=1111Average_Running_Time=.36284013732651570489
Average_Running_Children_of_ParentID=1402 is .36284013732651570489
Process_ID=1407Parent_Process_ID=1402Average_Running_Time=.15299800000000000000
Average_Running_Children_of_ParentID=1413 is .15299800000000000000
Process_ID=141957Parent_Process_ID=1413Average_Running_Time=4.65608533333333333333
ProcessID=141959Parent_ProcessID=1413Average_Running_Time=6.02163381818181818181
ProcessID=141978Parent_ProcessID=1413Average_Running_Time=.12316035286783042394
Average_Running_Children_of_ParentID=97411 is 10.80087950438298193908
Process_ID=97418Parent_Process_ID=97411Average_Running_Time=1.65388577966101694915
Average_Running_Children_of_ParentID=97411 is 1.65388577966101694915
