1 269 /usr/lib/systemd/systemd--switched-root--system--deserialize17
2 0 
3 0 
4 0 
6 0 
8 0 
9 0 
10 0 
11 0 
12 0 
13 0 
15 0 
16 0 
17 0 
18 0 
19 0 
20 0 
21 0 
22 0 
23 0 
24 0 
25 0 
26 0 
27 0 
28 0 
29 0 
30 0 
47 0 
140 0 
141 0 
142 0 
143 0 
144 0 
146 0 
439 0 
440 0 
441 0 
442 0 
443 0 
444 0 
447 0 
448 0 
453 0 
509 0 
518 0 
554 0 
555 0 
645 8 /usr/lib/systemd/systemd-journald
673 0 /usr/lib/systemd/systemd-udevd
720 0 
721 0 
728 0 
747 0 
748 0 
756 0 
760 0 
761 0 
763 0 
764 0 
765 0 
766 0 
767 0 
768 0 
789 0 /usr/bin/rpcbind-w-f
792 0 /sbin/auditd
806 0 
807 0 
808 0 
820 0 avahi-daemon: running [linux.local]
823 0 /usr/sbin/mcelog--ignorenodev--daemon--foreground
824 0 /usr/lib/polkit-1/polkitd--no-debug
826 0 /usr/sbin/ModemManager
829 0 /usr/sbin/sssd-i--logger=files
832 0 /usr/bin/dbus-daemon--system--address=systemd:--nofork--nopidfile--systemd-activation--syslog-only
833 0 /usr/sbin/gssproxy-D
834 0 /usr/bin/lsmd-d
836 0 /usr/sbin/smartd-n-qnever
842 0 /sbin/rngd-f--fill-watermark=0
844 0 avahi-daemon: chroot helper
855 0 /usr/libexec/sssd/sssd_be--domainimplicit_files--uid0--gid0--logger=files
856 0 /usr/libexec/sssd/sssd_nss--uid0--gid0--logger=files
859 0 /usr/libexec/platform-python-s/usr/sbin/firewalld--nofork--nopid
861 0 /usr/lib/systemd/systemd-logind
875 0 /usr/sbin/NetworkManager--no-daemon
885 0 /usr/sbin/sshd-D-oCiphers=aes256-gcm@openssh.com,chacha20-poly1305@openssh.com,aes256-ctr,aes256-cbc,aes128-gcm@openssh.com,aes128-ctr,aes128-cbc-oMACs=hmac-sha2-256-etm@openssh.com,hmac-sha1-etm@openssh.com,umac-128-etm@openssh.com,hmac-sha2-512-etm@openssh.com,hmac-sha2-256,hmac-sha1,umac-128@openssh.com,hmac-sha2-512-oGSSAPIKexAlgorithms=gss-gex-sha1-,gss-group14-sha1--oKexAlgorithms=curve25519-sha256,curve25519-sha256@libssh.org,ecdh-sha2-nistp256,ecdh-sha2-nistp384,ecdh-sha2-nistp521,diffie-hellman-group-exchange-sha256,diffie-hellman-group14-sha256,diffie-hellman-group16-sha512,diffie-hellman-group18-sha512,diffie-hellman-group-exchange-sha1,diffie-hellman-group14-sha1-oHostKeyAlgorithms=rsa-sha2-256,rsa-sha2-256-cert-v01@openssh.com,ecdsa-sha2-nistp256,ecdsa-sha2-nistp256-cert-v01@openssh.com,ecdsa-sha2-nistp384,ecdsa-sha2-nistp384-cert-v01@openssh.com,rsa-sha2-512,rsa-sha2-512-cert-v01@openssh.com,ecdsa-sha2-nistp521,ecdsa-sha2-nistp521-cert-v01@openssh.com,ssh-ed25519,ssh-ed25519-cert-v01@openssh.com,ssh-rsa,ssh-rsa-cert-v01@openssh.com-oPubkeyAcceptedKeyTypes=rsa-sha2-256,rsa-sha2-256-cert-v01@openssh.com,ecdsa-sha2-nistp256,ecdsa-sha2-nistp256-cert-v01@openssh.com,ecdsa-sha2-nistp384,ecdsa-sha2-nistp384-cert-v01@openssh.com,rsa-sha2-512,rsa-sha2-512-cert-v01@openssh.com,ecdsa-sha2-nistp521,ecdsa-sha2-nistp521-cert-v01@openssh.com,ssh-ed25519,ssh-ed25519-cert-v01@openssh.com,ssh-rsa,ssh-rsa-cert-v01@openssh.com-oCASignatureAlgorithms=rsa-sha2-256,ecdsa-sha2-nistp256,ecdsa-sha2-nistp384,rsa-sha2-512,ecdsa-sha2-nistp521,ssh-ed25519,ssh-rsa
888 0 /usr/libexec/platform-python-Es/usr/sbin/tuned-l-P
1109 0 /usr/sbin/crond-n
1110 0 /usr/sbin/atd-f
1111 0 login -- root
1402 0 /usr/lib/systemd/systemd--user
1407 0 (sd-pam)
1413 0 -bash
97411 0 login -- root
97412 0 
97418 0 -bash
141893 0 
141909 0 
141957 0 top
141959 0 top
144887 1688375 /bin/bash./ex7
