1-1 2- 3-
1-0 2- 3-
1-.68425209625996321275 2- 3-
1-2 2- 3-
1-0 2- 3-
1-.01593569540229885057 2- 3-
1-1109 2- 3-
1-1 2- 3-
1-.46175022448979591836 2- 3-
1-1110 2- 3-
1-1 2- 3-
1-.56580855555555555555 2- 3-
1-1111 2- 3-
1-1 2- 3-
1-.55655344736842105263 2- 3-
1-1402 2- 3-
1-1 2- 3-
1-1.64449963793103448275 2- 3-
1-645 2- 3-
1-1 2- 3-
1-1.07542815852205005959 2- 3-
1-673 2- 3-
1-1 2- 3-
1-.89927859217877094972 2- 3-
1-789 2- 3-
1-1 2- 3-
1-.36348208633093525179 2- 3-
1-792 2- 3-
1-1 2- 3-
1-.09520661616161616161 2- 3-
1-820 2- 3-
1-1 2- 3-
1-.17074330519480519480 2- 3-
1-823 2- 3-
1-1 2- 3-
1-.13916777777777777777 2- 3-
1-824 2- 3-
1-1 2- 3-
1-.41900389776357827476 2- 3-
1-826 2- 3-
1-1 2- 3-
1-.49002456115107913669 2- 3-
1-829 2- 3-
1-1 2- 3-
1-.20351319548872180451 2- 3-
1-832 2- 3-
1-1 2- 3-
1-.26764631880108991825 2- 3-
1-833 2- 3-
1-1 2- 3-
1-.42145024000000000000 2- 3-
1-834 2- 3-
1-1 2- 3-
1-.12669477272727272727 2- 3-
1-836 2- 3-
1-1 2- 3-
1-.57671978512396694214 2- 3-
1-842 2- 3-
1-1 2- 3-
1-.13569623422444396145 2- 3-
1-859 2- 3-
1-1 2- 3-
1-.72842406129343629343 2- 3-
1-861 2- 3-
1-1 2- 3-
1-.94053645258103241296 2- 3-
1-875 2- 3-
1-1 2- 3-
1-.49192797890295358649 2- 3-
1-885 2- 3-
1-1 2- 3-
1-.27853522077922077922 2- 3-
1-888 2- 3-
1-1 2- 3-
1-.67035472528883183568 2- 3-
1-10 2- 3-
1-2 2- 3-
1-.00452951554178487880 2- 3-
1-11 2- 3-
1-2 2- 3-
1-.00128620000000000000 2- 3-
1-12 2- 3-
1-2 2- 3-
1-.00242130071599045346 2- 3-
1-13 2- 3-
1-2 2- 3-
1-.00576335714285714285 2- 3-
1-140 2- 3-
1-2 2- 3-
1-.00149250000000000000 2- 3-
1-141 2- 3-
1-2 2- 3-
1-.00051150000000000000 2- 3-
1-142 2- 3-
1-2 2- 3-
1-0 2- 3-
1-143 2- 3-
1-2 2- 3-
1-0 2- 3-
1-144 2- 3-
1-2 2- 3-
1-0 2- 3-
1-146 2- 3-
1-2 2- 3-
1-0 2- 3-
1-15 2- 3-
1-2 2- 3-
1-.01325251449275362318 2- 3-
1-16 2- 3-
1-2 2- 3-
1-.00210300000000000000 2- 3-
1-17 2- 3-
1-2 2- 3-
1-.07950813333333333333 2- 3-
1-18 2- 3-
1-2 2- 3-
1-.03709566666666666666 2- 3-
1-19 2- 3-
1-2 2- 3-
1-.00092200000000000000 2- 3-
1-20 2- 3-
1-2 2- 3-
1-.00192500000000000000 2- 3-
1-20294 2- 3-
1-2 2- 3-
1-.06479544136986301369 2- 3-
1-21 2- 3-
1-2 2- 3-
1-.00135700000000000000 2- 3-
1-22 2- 3-
1-2 2- 3-
1-.00186200000000000000 2- 3-
1-23 2- 3-
1-2 2- 3-
1-.14527217647058823529 2- 3-
1-24 2- 3-
1-2 2- 3-
1-.00133800000000000000 2- 3-
1-25 2- 3-
1-2 2- 3-
1-.00125850000000000000 2- 3-
1-26 2- 3-
1-2 2- 3-
1-.00431500000000000000 2- 3-
1-27 2- 3-
1-2 2- 3-
1-.00267450000000000000 2- 3-
1-28 2- 3-
1-2 2- 3-
1-.00060100000000000000 2- 3-
1-29 2- 3-
1-2 2- 3-
1-.00261150000000000000 2- 3-
1-30 2- 3-
1-2 2- 3-
1-.00216350000000000000 2- 3-
1-31 2- 3-
1-2 2- 3-
1-.04729347756607252612 2- 3-
1-3 2- 3-
1-2 2- 3-
1-0 2- 3-
1-33 2- 3-
1-2 2- 3-
1-.03428048802395209580 2- 3-
1-4 2- 3-
1-2 2- 3-
1-0 2- 3-
1-439 2- 3-
1-2 2- 3-
1-.00455550000000000000 2- 3-
1-440 2- 3-
1-2 2- 3-
1-3.36975650000000000000 2- 3-
1-441 2- 3-
1-2 2- 3-
1-.00250600000000000000 2- 3-
1-442 2- 3-
1-2 2- 3-
1-3.25316475000000000000 2- 3-
1-443 2- 3-
1-2 2- 3-
1-.00291500000000000000 2- 3-
1-444 2- 3-
1-2 2- 3-
1-.04658963316582914572 2- 3-
1-447 2- 3-
1-2 2- 3-
1-.18074404000000000000 2- 3-
1-448 2- 3-
1-2 2- 3-
1-.00304000000000000000 2- 3-
1-453 2- 3-
1-2 2- 3-
1-.05114020484449760765 2- 3-
1-47 2- 3-
1-2 2- 3-
1-0 2- 3-
1-509 2- 3-
1-2 2- 3-
1-.00231050000000000000 2- 3-
1-518 2- 3-
1-2 2- 3-
1-.00631000000000000000 2- 3-
1-554 2- 3-
1-2 2- 3-
1-.10583427083333333333 2- 3-
1-555 2- 3-
1-2 2- 3-
1-.00554450000000000000 2- 3-
1-6 2- 3-
1-2 2- 3-
1-.00778942857142857142 2- 3-
1-720 2- 3-
1-2 2- 3-
1-.00472099653616038627 2- 3-
1-721 2- 3-
1-2 2- 3-
1-.00285000000000000000 2- 3-
1-728 2- 3-
1-2 2- 3-
1-.00341850000000000000 2- 3-
1-747 2- 3-
1-2 2- 3-
1-.04280557142857142857 2- 3-
1-748 2- 3-
1-2 2- 3-
1-.00549550000000000000 2- 3-
1-756 2- 3-
1-2 2- 3-
1-.00432100000000000000 2- 3-
1-760 2- 3-
1-2 2- 3-
1-.00432700000000000000 2- 3-
1-761 2- 3-
1-2 2- 3-
1-.00233450000000000000 2- 3-
1-763 2- 3-
1-2 2- 3-
1-.00315000000000000000 2- 3-
1-764 2- 3-
1-2 2- 3-
1-.00137000000000000000 2- 3-
1-765 2- 3-
1-2 2- 3-
1-.00129000000000000000 2- 3-
1-766 2- 3-
1-2 2- 3-
1-.00130350000000000000 2- 3-
1-767 2- 3-
1-2 2- 3-
1-.00157350000000000000 2- 3-
1-768 2- 3-
1-2 2- 3-
1-.07247466666666666666 2- 3-
1-806 2- 3-
1-2 2- 3-
1-.00237400000000000000 2- 3-
1-807 2- 3-
1-2 2- 3-
1-.00284750000000000000 2- 3-
1-808 2- 3-
1-2 2- 3-
1-.00149650000000000000 2- 3-
1-8 2- 3-
1-2 2- 3-
1-.00094550000000000000 2- 3-
1-9 2- 3-
1-2 2- 3-
1-.01224482223275657738 2- 3-
1-844 2- 3-
1-820 2- 3-
1-.07316800000000000000 2- 3-
1-855 2- 3-
1-829 2- 3-
1-.33372786567164179104 2- 3-
1-856 2- 3-
1-829 2- 3-
1-.25352702032520325203 2- 3-
1-1413 2- 3-
1-1111 2- 3-
1-.53146697826086956521 2- 3-
1-1407 2- 3-
1-1402 2- 3-
1-.15299800000000000000 2- 3-
1-39631 2- 3-
1-1413 2- 3-
1-.13582507802340702210 2- 3-
1-1 2-0 3-.68330149326805385556
1-2 2-0 3-.01593569540229885057
1-1109 2-1 3-.41948427272727272727
1-1110 2-1 3-.56580855555555555555
1-1111 2-1 3-.55655344736842105263
1-1402 2-1 3-1.64449963793103448275
1-645 2-1 3-1.07071951482799525504
1-673 2-1 3-.89750501949860724233
1-789 2-1 3-.33647467549668874172
1-792 2-1 3-.09095400952380952380
1-820 2-1 3-.17074330519480519480
1-823 2-1 3-.13916777777777777777
1-824 2-1 3-.41900389776357827476
1-826 2-1 3-.49002456115107913669
1-829 2-1 3-.19850970559610705596
1-832 2-1 3-.26764631880108991825
1-833 2-1 3-.42145024000000000000
1-834 2-1 3-.11603097747747747747
1-836 2-1 3-.57211428688524590163
1-842 2-1 3-.12828705638814753986
1-859 2-1 3-.72842406129343629343
1-861 2-1 3-.93767787918660287081
1-875 2-1 3-.48777840000000000000
1-885 2-1 3-.27853522077922077922
1-888 2-1 3-.67035472528883183568
1-10 2-2 3-.00437936654859419969
1-11 2-2 3-.00128620000000000000
1-12 2-2 3-.00226596252465483234
1-13 2-2 3-.00576335714285714285
1-140 2-2 3-.00149250000000000000
1-141 2-2 3-.00051150000000000000
1-142 2-2 3-0
1-143 2-2 3-0
1-144 2-2 3-0
1-146 2-2 3-0
1-15 2-2 3-.01325251449275362318
1-16 2-2 3-.00210300000000000000
1-17 2-2 3-.07950813333333333333
1-18 2-2 3-.03442783333333333333
1-19 2-2 3-.00092200000000000000
1-20 2-2 3-.00192500000000000000
1-20294 2-2 3-.06138764928448008506
1-21 2-2 3-.00135700000000000000
1-22 2-2 3-.00186200000000000000
1-23 2-2 3-.13059618627450980392
1-24 2-2 3-.00133800000000000000
1-25 2-2 3-.00125850000000000000
1-26 2-2 3-.00431500000000000000
1-27 2-2 3-.00267450000000000000
1-28 2-2 3-.00060100000000000000
1-29 2-2 3-.00261150000000000000
1-30 2-2 3-.00216350000000000000
1-31 2-2 3-.04729347756607252612
1-3 2-2 3-0
1-33 2-2 3-.03095457712177121771
1-4 2-2 3-0
1-439 2-2 3-.00455550000000000000
1-440 2-2 3-3.36975650000000000000
1-441 2-2 3-.00250600000000000000
1-442 2-2 3-3.25316475000000000000
1-443 2-2 3-.00291500000000000000
1-444 2-2 3-.04658963316582914572
1-447 2-2 3-.18074404000000000000
1-448 2-2 3-.00304000000000000000
1-453 2-2 3-.05095487392973132565
1-47 2-2 3-0
1-509 2-2 3-.00231050000000000000
1-518 2-2 3-.00631000000000000000
1-554 2-2 3-.10316053676470588235
1-555 2-2 3-.00554450000000000000
1-6 2-2 3-.00778942857142857142
1-720 2-2 3-.00416339833113746157
1-721 2-2 3-.00285000000000000000
1-728 2-2 3-.00341850000000000000
1-747 2-2 3-.04280557142857142857
1-748 2-2 3-.00549550000000000000
1-756 2-2 3-.00432100000000000000
1-760 2-2 3-.00432700000000000000
1-761 2-2 3-.00233450000000000000
1-763 2-2 3-.00315000000000000000
1-764 2-2 3-.00137000000000000000
1-765 2-2 3-.00129000000000000000
1-766 2-2 3-.00130350000000000000
1-767 2-2 3-.00157350000000000000
1-768 2-2 3-.07247466666666666666
1-806 2-2 3-.00237400000000000000
1-807 2-2 3-.00284750000000000000
1-808 2-2 3-.00149650000000000000
1-8 2-2 3-.00094550000000000000
1-9 2-2 3-.01211475649953574744
1-844 2-820 3-.07316800000000000000
1-855 2-829 3-.30554798378378378378
1-856 2-829 3-.23337142420537897310
1-1413 2-1111 3-.51605511147540983606
1-1407 2-1402 3-.15299800000000000000
1-44313 2-1413 3-.06823042392717815344
1-1 2-0 3-.68295619938837920489
1-2 2-0 3-.01593569540229885057
1-1109 2-1 3-.40673603508771929824
1-1110 2-1 3-.56580855555555555555
1-1111 2-1 3-.55655344736842105263
1-1402 2-1 3-1.64449963793103448275
1-645 2-1 3-1.06835823076923076923
1-673 2-1 3-.89677671892393320964
1-789 2-1 3-.32819941935483870967
1-792 2-1 3-.08960981308411214953
1-820 2-1 3-.17074330519480519480
1-823 2-1 3-.13916777777777777777
1-824 2-1 3-.41900389776357827476
1-826 2-1 3-.49002456115107913669
1-829 2-1 3-.19725566666666666666
1-832 2-1 3-.26764631880108991825
1-833 2-1 3-.42145024000000000000
1-834 2-1 3-.11320662445414847161
1-836 2-1 3-.57211428688524590163
1-842 2-1 3-.12509680516447587909
1-859 2-1 3-.72842406129343629343
1-861 2-1 3-.93672339665471923536
1-875 2-1 3-.48291575720164609053
1-885 2-1 3-.27853522077922077922
1-888 2-1 3-.67035472528883183568
1-10 2-2 3-.00428317162464091924
1-11 2-2 3-.00128620000000000000
1-12 2-2 3-.00217320560747663551
1-13 2-2 3-.00576335714285714285
1-140 2-2 3-.00149250000000000000
1-141 2-2 3-.00051150000000000000
1-142 2-2 3-0
1-143 2-2 3-0
1-144 2-2 3-0
1-146 2-2 3-0
1-15 2-2 3-.01325251449275362318
1-16 2-2 3-.00210300000000000000
1-17 2-2 3-.07950813333333333333
1-18 2-2 3-.03352878947368421052
1-19 2-2 3-.00092200000000000000
1-20 2-2 3-.00192500000000000000
1-20294 2-2 3-.05768872844357976653
1-21 2-2 3-.00135700000000000000
1-22 2-2 3-.00186200000000000000
1-23 2-2 3-.12576767441860465116
1-24 2-2 3-.00133800000000000000
1-25 2-2 3-.00125850000000000000
1-26 2-2 3-.00431500000000000000
1-27 2-2 3-.00267450000000000000
1-28 2-2 3-.00060100000000000000
1-29 2-2 3-.00261150000000000000
1-30 2-2 3-.00216350000000000000
1-31 2-2 3-.04729347756607252612
1-3 2-2 3-0
1-33 2-2 3-.02941453782095766828
1-4 2-2 3-0
1-439 2-2 3-.00455550000000000000
1-440 2-2 3-3.36975650000000000000
1-441 2-2 3-.00250600000000000000
1-442 2-2 3-3.25316475000000000000
1-443 2-2 3-.00291500000000000000
1-444 2-2 3-.04658963316582914572
1-447 2-2 3-.18074404000000000000
1-448 2-2 3-.00304000000000000000
1-453 2-2 3-.05073025645539906103
1-47 2-2 3-0
1-509 2-2 3-.00231050000000000000
1-518 2-2 3-.00631000000000000000
1-554 2-2 3-.10035610563380281690
1-555 2-2 3-.00554450000000000000
1-6 2-2 3-.00778942857142857142
1-720 2-2 3-.00396657255651595744
1-721 2-2 3-.00285000000000000000
1-728 2-2 3-.00341850000000000000
1-747 2-2 3-.04280557142857142857
1-748 2-2 3-.00549550000000000000
1-756 2-2 3-.00432100000000000000
1-760 2-2 3-.00432700000000000000
1-761 2-2 3-.00233450000000000000
1-763 2-2 3-.00315000000000000000
1-764 2-2 3-.00137000000000000000
1-765 2-2 3-.00129000000000000000
1-766 2-2 3-.00130350000000000000
1-767 2-2 3-.00157350000000000000
1-768 2-2 3-.07247466666666666666
1-806 2-2 3-.00237400000000000000
1-807 2-2 3-.00284750000000000000
1-808 2-2 3-.00149650000000000000
1-8 2-2 3-.00094550000000000000
1-9 2-2 3-.01207430419821059876
1-844 2-820 3-.07316800000000000000
1-855 2-829 3-.29660947382198952879
1-856 2-829 3-.22683198934911242603
1-1413 2-1111 3-.50970008945686900958
1-1407 2-1402 3-.15299800000000000000
1-46899 2-1413 3-.07454017012987012987
1-1 2-0 3-.68263089792176039119
1-2 2-0 3-.01593569540229885057
1-1109 2-1 3-.39456316949152542372
1-1110 2-1 3-.56580855555555555555
1-1111 2-1 3-.55655344736842105263
1-1402 2-1 3-1.64449963793103448275
1-645 2-1 3-1.06719579432624113475
1-673 2-1 3-.89613197683039851714
1-789 2-1 3-.32032383647798742138
1-792 2-1 3-.08819997247706422018
1-820 2-1 3-.17074330519480519480
1-823 2-1 3-.13916777777777777777
1-824 2-1 3-.41900389776357827476
1-826 2-1 3-.49002456115107913669
1-829 2-1 3-.19562052870813397129
1-832 2-1 3-.26764631880108991825
1-833 2-1 3-.42145024000000000000
1-834 2-1 3-.11013618143459915611
1-836 2-1 3-.57211428688524590163
1-842 2-1 3-.11994292600409311844
1-859 2-1 3-.72842406129343629343
1-861 2-1 3-.93576832458233890214
1-875 2-1 3-.48291575720164609053
1-885 2-1 3-.27853522077922077922
1-888 2-1 3-.67035472528883183568
1-10 2-2 3-.00417951218267896498
1-11 2-2 3-.00128620000000000000
1-12 2-2 3-.00207108156028368794
1-13 2-2 3-.00576335714285714285
1-140 2-2 3-.00149250000000000000
1-141 2-2 3-.00051150000000000000
1-142 2-2 3-0
1-143 2-2 3-0
1-144 2-2 3-0
1-146 2-2 3-0
1-15 2-2 3-.01325251449275362318
1-16 2-2 3-.00210300000000000000
1-17 2-2 3-.07950813333333333333
1-18 2-2 3-.03269970000000000000
1-19 2-2 3-.00092200000000000000
1-20 2-2 3-.00192500000000000000
1-20294 2-2 3-.05440570632211374342
1-21 2-2 3-.00135700000000000000
1-22 2-2 3-.00186200000000000000
1-23 2-2 3-.12195045132743362831
1-24 2-2 3-.00133800000000000000
1-25 2-2 3-.00125850000000000000
1-26 2-2 3-.00431500000000000000
1-27 2-2 3-.00267450000000000000
1-28 2-2 3-.00060100000000000000
1-29 2-2 3-.00261150000000000000
1-30 2-2 3-.00216350000000000000
1-31 2-2 3-.04729347756607252612
1-3 2-2 3-0
1-33 2-2 3-.02623591847992644805
1-4 2-2 3-0
1-439 2-2 3-.00455550000000000000
1-440 2-2 3-3.36975650000000000000
1-441 2-2 3-.00250600000000000000
1-442 2-2 3-3.25316475000000000000
1-443 2-2 3-.00291500000000000000
1-444 2-2 3-.04658963316582914572
1-447 2-2 3-.18074404000000000000
1-448 2-2 3-.00304000000000000000
1-453 2-2 3-.05056782710280373831
1-47 2-2 3-0
1-509 2-2 3-.00231050000000000000
1-518 2-2 3-.00631000000000000000
1-554 2-2 3-.09776045608108108108
1-555 2-2 3-.00554450000000000000
1-6 2-2 3-.00778942857142857142
1-720 2-2 3-.00375811710444027517
1-721 2-2 3-.00285000000000000000
1-728 2-2 3-.00341850000000000000
1-747 2-2 3-.04280557142857142857
1-748 2-2 3-.00549550000000000000
1-756 2-2 3-.00432100000000000000
1-760 2-2 3-.00432700000000000000
1-761 2-2 3-.00233450000000000000
1-763 2-2 3-.00315000000000000000
1-764 2-2 3-.00137000000000000000
1-765 2-2 3-.00129000000000000000
1-766 2-2 3-.00130350000000000000
1-767 2-2 3-.00157350000000000000
1-768 2-2 3-.07247466666666666666
1-806 2-2 3-.00237400000000000000
1-807 2-2 3-.00284750000000000000
1-808 2-2 3-.00149650000000000000
1-8 2-2 3-.00094550000000000000
1-9 2-2 3-.01192995503840939900
1-844 2-820 3-.07316800000000000000
1-855 2-829 3-.28887861195928753180
1-856 2-829 3-.21934328863636363636
1-1413 2-1111 3-.48072951020408163265
1-1407 2-1402 3-.15299800000000000000
1-49487 2-1413 3-.07074148374512353706
