1 0 1.03090240922162576687
2 0 .03690103571428571428
3 2 0
4 2 0
6 2 .00778942857142857142
8 2 .02437575000000000000
9 2 .03283824861803598525
10 2 .01333852513967831400
11 2 .02842533333333333333
12 2 .05244417541283798274
13 2 .00576335714285714285
15 2 .01325251449275362318
16 2 .00210300000000000000
17 2 .04025008433734939759
18 2 .06891282006048387096
19 2 .00092200000000000000
20 2 .00192500000000000000
21 2 .00135700000000000000
22 2 .00186200000000000000
23 2 .11168959138743896278
24 2 .00133800000000000000
25 2 .00125850000000000000
26 2 .00431500000000000000
27 2 .00267450000000000000
28 2 .00060100000000000000
29 2 .00261150000000000000
30 2 .00216350000000000000
47 2 0
140 2 .00149250000000000000
141 2 .00051150000000000000
142 2 0
143 2 0
144 2 0
146 2 0
439 2 .00455550000000000000
440 2 3.36975650000000000000
441 2 .00250600000000000000
442 2 3.25316475000000000000
443 2 .00291500000000000000
444 2 .06648638655505875012
447 2 .18074404000000000000
448 2 .00304000000000000000
453 2 .08039631717186058067
509 2 .02577000000000000000
518 2 .00631000000000000000
554 2 .12586542184356880842
555 2 .00554450000000000000
645 1 1.39179148215366001209
673 1 .57507083516483516483
720 2 .04355716327708965637
721 2 .00285000000000000000
728 2 .00341850000000000000
747 2 .04280557142857142857
748 2 .00549550000000000000
756 2 .00432100000000000000
760 2 .00432700000000000000
761 2 .00233450000000000000
763 2 .00315000000000000000
764 2 .00137000000000000000
765 2 .00129000000000000000
766 2 .00130350000000000000
767 2 .00157350000000000000
768 2 .07247466666666666666
789 1 .07339407039666993143
792 1 .08746427998100213725
806 2 .00237400000000000000
807 2 .00284750000000000000
808 2 .00149650000000000000
820 1 .18217618674698795180
823 1 .13916777777777777777
824 1 .23739451313755795981
826 1 .48839181003584229390
829 1 .09188447459433850527
832 1 .62151635112847222222
833 1 .42145024000000000000
834 1 .09117009900868173142
836 1 .28423530555555555555
842 1 .02855622802879364669
844 820 .07316800000000000000
855 829 .09580540701316247364
856 829 .10976571699513643377
859 1 .72842406129343629343
861 1 .57857430650459921156
875 1 .43033281004657351962
885 1 .27853522077922077922
888 1 .63422202339181286549
1109 1 .20645977091587042647
1110 1 .26706222352941176470
1111 1 .55655344736842105263
1402 1 .47477700840336134453
1407 1402 .15299800000000000000
1413 1111 .36284013732651570489
97411 1 1.10411785000000000000
97412 2 .08953375506445672191
97418 97411 1.65388577966101694915
141893 2 .37002418612169495439
141909 2 .13692326622624804195
141957 1413 4.65608533333333333333
141959 1413 6.02163381818181818181
141978 1413 .12316035286783042394
